<?xml version="1.0" encoding="UTF-8"?>
<!-- Generated by org.testng.reporters.JUnitXMLReporter -->
<testsuite ignored="0" hostname="DEV-MA-2671-LAP" failures="1" tests="9" name="LoginSuite" time="58.012" errors="0" timestamp="2023-04-03T15:39:11 IST">
  <testcase classname="MiniProject.Work.HRMSLogIn" name="CheckTitle" time="0.025"/>
  <testcase classname="MiniProject.Work.HRMSLogIn" name="VerifyLogo" time="0.051"/>
  <testcase classname="MiniProject.Work.HRMSLogIn" name="LoginWithValidCred" time="8.141"/>
  <testcase classname="MiniProject.Work.HRMSLogIn" name="LoginWithInvalidCred" time="0.999"/>
  <testcase classname="MiniProject.Work.HRMSLogIn" name="LoginWithInvalidUsername" time="0.97"/>
  <testcase classname="MiniProject.Work.HRMSLogIn" name="LoginWithInvalidPassword" time="1.071"/>
  <testcase classname="MiniProject.Work.HRMSLogIn" name="LogOut" time="3.716"/>
  <testcase classname="MiniProject.Work.HRMSLogIn" name="forgetPassword" time="10.248">
    <failure type="org.openqa.selenium.NoSuchElementException" message="no such element: Unable to locate element: {&amp;quot;method&amp;quot;:&amp;quot;xpath&amp;quot;,&amp;quot;selector&amp;quot;:&amp;quot;(//th[@class=&amp;apos;prev&amp;apos;][normalize-space()=&amp;apos;«&amp;apos;])[1]&amp;quot;}
  (Session info: chrome=111.0.5563.147)
For documentation on this error, please visit: https://selenium.dev/exceptions/#no_such_element
Build info: version: &amp;apos;4.2.1&amp;apos;, revision: &amp;apos;ac4d0fdd4a&amp;apos;
System info: host: &amp;apos;DEV-MA-2671-LAP&amp;apos;, ip: &amp;apos;10.0.1.177&amp;apos;, os.name: &amp;apos;Windows 10&amp;apos;, os.arch: &amp;apos;amd64&amp;apos;, os.version: &amp;apos;10.0&amp;apos;, java.version: &amp;apos;19&amp;apos;
Driver info: org.openqa.selenium.chrome.ChromeDriver
Command: [6622e479eff48aacb68b880b5de177c6, findElement {using=xpath, value=(//th[@class=&amp;apos;prev&amp;apos;][normalize-space()=&amp;apos;«&amp;apos;])[1]}]
Capabilities {acceptInsecureCerts: false, browserName: chrome, browserVersion: 111.0.5563.147, chrome: {chromedriverVersion: 111.0.5563.64 (c710e93d5b63..., userDataDir: C:\Users\AGL\AppData\Local\...}, goog:chromeOptions: {debuggerAddress: localhost:59063}, networkConnectionEnabled: false, pageLoadStrategy: normal, platformName: WINDOWS, proxy: Proxy(), se:cdp: ws://localhost:59063/devtoo..., se:cdpVersion: 111.0.5563.147, setWindowRect: true, strictFileInteractability: false, timeouts: {implicit: 0, pageLoad: 300000, script: 30000}, unhandledPromptBehavior: dismiss and notify, webauthn:extension:credBlob: true, webauthn:extension:largeBlob: true, webauthn:extension:minPinLength: true, webauthn:extension:prf: true, webauthn:virtualAuthenticators: true}
Session ID: 6622e479eff48aacb68b880b5de177c6">
      <![CDATA[org.openqa.selenium.NoSuchElementException: no such element: Unable to locate element: {"method":"xpath","selector":"(//th[@class='prev'][normalize-space()='«'])[1]"}
  (Session info: chrome=111.0.5563.147)
For documentation on this error, please visit: https://selenium.dev/exceptions/#no_such_element
Build info: version: '4.2.1', revision: 'ac4d0fdd4a'
System info: host: 'DEV-MA-2671-LAP', ip: '10.0.1.177', os.name: 'Windows 10', os.arch: 'amd64', os.version: '10.0', java.version: '19'
Driver info: org.openqa.selenium.chrome.ChromeDriver
Command: [6622e479eff48aacb68b880b5de177c6, findElement {using=xpath, value=(//th[@class='prev'][normalize-space()='«'])[1]}]
Capabilities {acceptInsecureCerts: false, browserName: chrome, browserVersion: 111.0.5563.147, chrome: {chromedriverVersion: 111.0.5563.64 (c710e93d5b63..., userDataDir: C:\Users\AGL\AppData\Local\...}, goog:chromeOptions: {debuggerAddress: localhost:59063}, networkConnectionEnabled: false, pageLoadStrategy: normal, platformName: WINDOWS, proxy: Proxy(), se:cdp: ws://localhost:59063/devtoo..., se:cdpVersion: 111.0.5563.147, setWindowRect: true, strictFileInteractability: false, timeouts: {implicit: 0, pageLoad: 300000, script: 30000}, unhandledPromptBehavior: dismiss and notify, webauthn:extension:credBlob: true, webauthn:extension:largeBlob: true, webauthn:extension:minPinLength: true, webauthn:extension:prf: true, webauthn:virtualAuthenticators: true}
Session ID: 6622e479eff48aacb68b880b5de177c6
at org.openqa.selenium.remote.codec.w3c.W3CHttpResponseCodec.createException(W3CHttpResponseCodec.java:200)
at org.openqa.selenium.remote.codec.w3c.W3CHttpResponseCodec.decode(W3CHttpResponseCodec.java:133)
at org.openqa.selenium.remote.codec.w3c.W3CHttpResponseCodec.decode(W3CHttpResponseCodec.java:53)
at org.openqa.selenium.remote.HttpCommandExecutor.execute(HttpCommandExecutor.java:184)
at org.openqa.selenium.remote.service.DriverCommandExecutor.invokeExecute(DriverCommandExecutor.java:167)
at org.openqa.selenium.remote.service.DriverCommandExecutor.execute(DriverCommandExecutor.java:142)
at org.openqa.selenium.remote.RemoteWebDriver.execute(RemoteWebDriver.java:551)
at org.openqa.selenium.remote.ElementLocation$ElementFinder$2.findElement(ElementLocation.java:162)
at org.openqa.selenium.remote.ElementLocation.findElement(ElementLocation.java:60)
at org.openqa.selenium.remote.RemoteWebDriver.findElement(RemoteWebDriver.java:369)
at org.openqa.selenium.remote.RemoteWebDriver.findElement(RemoteWebDriver.java:361)
at MiniProject.Work.HRMSLogIn.forgetPassword(HRMSLogIn.java:147)
at java.base/java.util.ArrayList.forEach(ArrayList.java:1511)
... Removed 28 stack frames]]>
    </failure>
  </testcase> <!-- forgetPassword -->
  <testcase classname="MiniProject.Work.HRMSLogIn" name="LoginWithInvalidPasswordManualInsert" time="10.786"/>
</testsuite> <!-- LoginSuite -->
