<?xml version="1.0" encoding="UTF-8"?>
<testng-results ignored="0" total="9" passed="7" failed="2" skipped="0">
  <reporter-output>
  </reporter-output>
  <suite started-at="2023-04-03T16:15:11 IST" name="Default suite" finished-at="2023-04-03T16:15:53 IST" duration-ms="42384">
    <groups>
    </groups>
    <test started-at="2023-04-03T16:15:11 IST" name="Default test" finished-at="2023-04-03T16:15:53 IST" duration-ms="42384">
      <class name="HRMS_LogIn.HRMS_LogIn">
        <test-method is-config="true" signature="SettinUp()[pri:0, instance:HRMS_LogIn.HRMS_LogIn@40ef3420]" started-at="2023-04-03T16:15:11 IST" name="SettinUp" finished-at="2023-04-03T16:15:14 IST" duration-ms="3167" status="PASS">
          <reporter-output>
          </reporter-output>
        </test-method> <!-- SettinUp -->
        <test-method signature="CheckTitle()[pri:0, instance:HRMS_LogIn.HRMS_LogIn@40ef3420]" started-at="2023-04-03T16:15:14 IST" name="CheckTitle" finished-at="2023-04-03T16:15:14 IST" duration-ms="22" status="PASS">
          <reporter-output>
          </reporter-output>
        </test-method> <!-- CheckTitle -->
        <test-method is-config="true" signature="TearDown()[pri:0, instance:HRMS_LogIn.HRMS_LogIn@40ef3420]" started-at="2023-04-03T16:15:14 IST" name="TearDown" finished-at="2023-04-03T16:15:14 IST" duration-ms="189" status="PASS">
          <reporter-output>
          </reporter-output>
        </test-method> <!-- TearDown -->
        <test-method is-config="true" signature="SettinUp()[pri:0, instance:HRMS_LogIn.HRMS_LogIn@40ef3420]" started-at="2023-04-03T16:15:14 IST" name="SettinUp" finished-at="2023-04-03T16:15:16 IST" duration-ms="2034" status="PASS">
          <reporter-output>
          </reporter-output>
        </test-method> <!-- SettinUp -->
        <test-method signature="VerifyLogo()[pri:1, instance:HRMS_LogIn.HRMS_LogIn@40ef3420]" started-at="2023-04-03T16:15:16 IST" name="VerifyLogo" finished-at="2023-04-03T16:15:16 IST" duration-ms="62" status="PASS">
          <reporter-output>
          </reporter-output>
        </test-method> <!-- VerifyLogo -->
        <test-method is-config="true" signature="TearDown()[pri:0, instance:HRMS_LogIn.HRMS_LogIn@40ef3420]" started-at="2023-04-03T16:15:16 IST" name="TearDown" finished-at="2023-04-03T16:15:17 IST" duration-ms="185" status="PASS">
          <reporter-output>
          </reporter-output>
        </test-method> <!-- TearDown -->
        <test-method is-config="true" signature="SettinUp()[pri:0, instance:HRMS_LogIn.HRMS_LogIn@40ef3420]" started-at="2023-04-03T16:15:17 IST" name="SettinUp" finished-at="2023-04-03T16:15:19 IST" duration-ms="2076" status="PASS">
          <reporter-output>
          </reporter-output>
        </test-method> <!-- SettinUp -->
        <test-method signature="LoginWithValidCred()[pri:2, instance:HRMS_LogIn.HRMS_LogIn@40ef3420]" started-at="2023-04-03T16:15:19 IST" name="LoginWithValidCred" finished-at="2023-04-03T16:15:27 IST" duration-ms="8128" status="PASS">
          <reporter-output>
          </reporter-output>
        </test-method> <!-- LoginWithValidCred -->
        <test-method is-config="true" signature="TearDown()[pri:0, instance:HRMS_LogIn.HRMS_LogIn@40ef3420]" started-at="2023-04-03T16:15:27 IST" name="TearDown" finished-at="2023-04-03T16:15:27 IST" duration-ms="181" status="PASS">
          <reporter-output>
          </reporter-output>
        </test-method> <!-- TearDown -->
        <test-method is-config="true" signature="SettinUp()[pri:0, instance:HRMS_LogIn.HRMS_LogIn@40ef3420]" started-at="2023-04-03T16:15:27 IST" name="SettinUp" finished-at="2023-04-03T16:15:29 IST" duration-ms="2033" status="PASS">
          <reporter-output>
          </reporter-output>
        </test-method> <!-- SettinUp -->
        <test-method signature="LoginWithInvalidCred()[pri:3, instance:HRMS_LogIn.HRMS_LogIn@40ef3420]" started-at="2023-04-03T16:15:29 IST" name="LoginWithInvalidCred" finished-at="2023-04-03T16:15:30 IST" duration-ms="1011" status="PASS">
          <reporter-output>
          </reporter-output>
        </test-method> <!-- LoginWithInvalidCred -->
        <test-method is-config="true" signature="TearDown()[pri:0, instance:HRMS_LogIn.HRMS_LogIn@40ef3420]" started-at="2023-04-03T16:15:30 IST" name="TearDown" finished-at="2023-04-03T16:15:30 IST" duration-ms="192" status="PASS">
          <reporter-output>
          </reporter-output>
        </test-method> <!-- TearDown -->
        <test-method is-config="true" signature="SettinUp()[pri:0, instance:HRMS_LogIn.HRMS_LogIn@40ef3420]" started-at="2023-04-03T16:15:30 IST" name="SettinUp" finished-at="2023-04-03T16:15:32 IST" duration-ms="2011" status="PASS">
          <reporter-output>
          </reporter-output>
        </test-method> <!-- SettinUp -->
        <test-method signature="LoginWithInvalidUsername()[pri:4, instance:HRMS_LogIn.HRMS_LogIn@40ef3420]" started-at="2023-04-03T16:15:32 IST" name="LoginWithInvalidUsername" finished-at="2023-04-03T16:15:33 IST" duration-ms="1032" status="PASS">
          <reporter-output>
          </reporter-output>
        </test-method> <!-- LoginWithInvalidUsername -->
        <test-method is-config="true" signature="TearDown()[pri:0, instance:HRMS_LogIn.HRMS_LogIn@40ef3420]" started-at="2023-04-03T16:15:33 IST" name="TearDown" finished-at="2023-04-03T16:15:33 IST" duration-ms="197" status="PASS">
          <reporter-output>
          </reporter-output>
        </test-method> <!-- TearDown -->
        <test-method is-config="true" signature="SettinUp()[pri:0, instance:HRMS_LogIn.HRMS_LogIn@40ef3420]" started-at="2023-04-03T16:15:33 IST" name="SettinUp" finished-at="2023-04-03T16:15:35 IST" duration-ms="1910" status="PASS">
          <reporter-output>
          </reporter-output>
        </test-method> <!-- SettinUp -->
        <test-method signature="LoginWithInvalidPassword()[pri:5, instance:HRMS_LogIn.HRMS_LogIn@40ef3420]" started-at="2023-04-03T16:15:35 IST" name="LoginWithInvalidPassword" finished-at="2023-04-03T16:15:36 IST" duration-ms="935" status="PASS">
          <reporter-output>
          </reporter-output>
        </test-method> <!-- LoginWithInvalidPassword -->
        <test-method is-config="true" signature="TearDown()[pri:0, instance:HRMS_LogIn.HRMS_LogIn@40ef3420]" started-at="2023-04-03T16:15:36 IST" name="TearDown" finished-at="2023-04-03T16:15:37 IST" duration-ms="204" status="PASS">
          <reporter-output>
          </reporter-output>
        </test-method> <!-- TearDown -->
        <test-method is-config="true" signature="SettinUp()[pri:0, instance:HRMS_LogIn.HRMS_LogIn@40ef3420]" started-at="2023-04-03T16:15:37 IST" name="SettinUp" finished-at="2023-04-03T16:15:39 IST" duration-ms="2079" status="PASS">
          <reporter-output>
          </reporter-output>
        </test-method> <!-- SettinUp -->
        <test-method signature="LogOut()[pri:6, instance:HRMS_LogIn.HRMS_LogIn@40ef3420]" started-at="2023-04-03T16:15:39 IST" name="LogOut" finished-at="2023-04-03T16:15:48 IST" duration-ms="9677" status="PASS">
          <reporter-output>
          </reporter-output>
        </test-method> <!-- LogOut -->
        <test-method is-config="true" signature="TearDown()[pri:0, instance:HRMS_LogIn.HRMS_LogIn@40ef3420]" started-at="2023-04-03T16:15:48 IST" name="TearDown" finished-at="2023-04-03T16:15:48 IST" duration-ms="188" status="PASS">
          <reporter-output>
          </reporter-output>
        </test-method> <!-- TearDown -->
        <test-method is-config="true" signature="SettinUp()[pri:0, instance:HRMS_LogIn.HRMS_LogIn@40ef3420]" started-at="2023-04-03T16:15:48 IST" name="SettinUp" finished-at="2023-04-03T16:15:50 IST" duration-ms="1998" status="PASS">
          <reporter-output>
          </reporter-output>
        </test-method> <!-- SettinUp -->
        <test-method signature="forgetPassword()[pri:7, instance:HRMS_LogIn.HRMS_LogIn@40ef3420]" started-at="2023-04-03T16:15:50 IST" name="forgetPassword" finished-at="2023-04-03T16:15:51 IST" duration-ms="202" status="FAIL">
          <exception class="org.openqa.selenium.NoSuchElementException">
            <message>
              <![CDATA[no such element: Unable to locate element: {"method":"xpath","selector":"(//th[@class='prev'][normalize-space()='«'])[1]"}
  (Session info: chrome=111.0.5563.147)
For documentation on this error, please visit: https://selenium.dev/exceptions/#no_such_element
Build info: version: '4.2.1', revision: 'ac4d0fdd4a'
System info: host: 'DEV-MA-2671-LAP', ip: '10.0.1.177', os.name: 'Windows 10', os.arch: 'amd64', os.version: '10.0', java.version: '19'
Driver info: org.openqa.selenium.chrome.ChromeDriver
Command: [bd6cdc5f298a05091e63d51eaa32040a, findElement {using=xpath, value=(//th[@class='prev'][normalize-space()='«'])[1]}]
Capabilities {acceptInsecureCerts: false, browserName: chrome, browserVersion: 111.0.5563.147, chrome: {chromedriverVersion: 111.0.5563.64 (c710e93d5b63..., userDataDir: C:\Users\AGL\AppData\Local\...}, goog:chromeOptions: {debuggerAddress: localhost:61315}, networkConnectionEnabled: false, pageLoadStrategy: normal, platformName: WINDOWS, proxy: Proxy(), se:cdp: ws://localhost:61315/devtoo..., se:cdpVersion: 111.0.5563.147, setWindowRect: true, strictFileInteractability: false, timeouts: {implicit: 0, pageLoad: 300000, script: 30000}, unhandledPromptBehavior: dismiss and notify, webauthn:extension:credBlob: true, webauthn:extension:largeBlob: true, webauthn:extension:minPinLength: true, webauthn:extension:prf: true, webauthn:virtualAuthenticators: true}
Session ID: bd6cdc5f298a05091e63d51eaa32040a]]>
            </message>
            <full-stacktrace>
              <![CDATA[org.openqa.selenium.NoSuchElementException: no such element: Unable to locate element: {"method":"xpath","selector":"(//th[@class='prev'][normalize-space()='«'])[1]"}
  (Session info: chrome=111.0.5563.147)
For documentation on this error, please visit: https://selenium.dev/exceptions/#no_such_element
Build info: version: '4.2.1', revision: 'ac4d0fdd4a'
System info: host: 'DEV-MA-2671-LAP', ip: '10.0.1.177', os.name: 'Windows 10', os.arch: 'amd64', os.version: '10.0', java.version: '19'
Driver info: org.openqa.selenium.chrome.ChromeDriver
Command: [bd6cdc5f298a05091e63d51eaa32040a, findElement {using=xpath, value=(//th[@class='prev'][normalize-space()='«'])[1]}]
Capabilities {acceptInsecureCerts: false, browserName: chrome, browserVersion: 111.0.5563.147, chrome: {chromedriverVersion: 111.0.5563.64 (c710e93d5b63..., userDataDir: C:\Users\AGL\AppData\Local\...}, goog:chromeOptions: {debuggerAddress: localhost:61315}, networkConnectionEnabled: false, pageLoadStrategy: normal, platformName: WINDOWS, proxy: Proxy(), se:cdp: ws://localhost:61315/devtoo..., se:cdpVersion: 111.0.5563.147, setWindowRect: true, strictFileInteractability: false, timeouts: {implicit: 0, pageLoad: 300000, script: 30000}, unhandledPromptBehavior: dismiss and notify, webauthn:extension:credBlob: true, webauthn:extension:largeBlob: true, webauthn:extension:minPinLength: true, webauthn:extension:prf: true, webauthn:virtualAuthenticators: true}
Session ID: bd6cdc5f298a05091e63d51eaa32040a
at java.base/jdk.internal.reflect.DirectConstructorHandleAccessor.newInstance(DirectConstructorHandleAccessor.java:67)
at java.base/java.lang.reflect.Constructor.newInstanceWithCaller(Constructor.java:500)
at java.base/java.lang.reflect.Constructor.newInstance(Constructor.java:484)
at org.openqa.selenium.remote.codec.w3c.W3CHttpResponseCodec.createException(W3CHttpResponseCodec.java:200)
at org.openqa.selenium.remote.codec.w3c.W3CHttpResponseCodec.decode(W3CHttpResponseCodec.java:133)
at org.openqa.selenium.remote.codec.w3c.W3CHttpResponseCodec.decode(W3CHttpResponseCodec.java:53)
at org.openqa.selenium.remote.HttpCommandExecutor.execute(HttpCommandExecutor.java:184)
at org.openqa.selenium.remote.service.DriverCommandExecutor.invokeExecute(DriverCommandExecutor.java:167)
at org.openqa.selenium.remote.service.DriverCommandExecutor.execute(DriverCommandExecutor.java:142)
at org.openqa.selenium.remote.RemoteWebDriver.execute(RemoteWebDriver.java:551)
at org.openqa.selenium.remote.ElementLocation$ElementFinder$2.findElement(ElementLocation.java:162)
at org.openqa.selenium.remote.ElementLocation.findElement(ElementLocation.java:60)
at org.openqa.selenium.remote.RemoteWebDriver.findElement(RemoteWebDriver.java:369)
at org.openqa.selenium.remote.RemoteWebDriver.findElement(RemoteWebDriver.java:361)
at HRMS_LogIn.HRMS_LogIn.forgetPassword(HRMS_LogIn.java:137)
at java.base/jdk.internal.reflect.DirectMethodHandleAccessor.invoke(DirectMethodHandleAccessor.java:104)
at java.base/java.lang.reflect.Method.invoke(Method.java:578)
at org.testng.internal.MethodInvocationHelper.invokeMethod(MethodInvocationHelper.java:133)
at org.testng.internal.TestInvoker.invokeMethod(TestInvoker.java:598)
at org.testng.internal.TestInvoker.invokeTestMethod(TestInvoker.java:173)
at org.testng.internal.MethodRunner.runInSequence(MethodRunner.java:46)
at org.testng.internal.TestInvoker$MethodInvocationAgent.invoke(TestInvoker.java:824)
at org.testng.internal.TestInvoker.invokeTestMethods(TestInvoker.java:146)
at org.testng.internal.TestMethodWorker.invokeTestMethods(TestMethodWorker.java:146)
at org.testng.internal.TestMethodWorker.run(TestMethodWorker.java:128)
at java.base/java.util.ArrayList.forEach(ArrayList.java:1511)
at org.testng.TestRunner.privateRun(TestRunner.java:794)
at org.testng.TestRunner.run(TestRunner.java:596)
at org.testng.SuiteRunner.runTest(SuiteRunner.java:377)
at org.testng.SuiteRunner.runSequentially(SuiteRunner.java:371)
at org.testng.SuiteRunner.privateRun(SuiteRunner.java:332)
at org.testng.SuiteRunner.run(SuiteRunner.java:276)
at org.testng.SuiteRunnerWorker.runSuite(SuiteRunnerWorker.java:53)
at org.testng.SuiteRunnerWorker.run(SuiteRunnerWorker.java:96)
at org.testng.TestNG.runSuitesSequentially(TestNG.java:1212)
at org.testng.TestNG.runSuitesLocally(TestNG.java:1134)
at org.testng.TestNG.runSuites(TestNG.java:1063)
at org.testng.TestNG.run(TestNG.java:1031)
at org.testng.remote.AbstractRemoteTestNG.run(AbstractRemoteTestNG.java:115)
at org.testng.remote.RemoteTestNG.initAndRun(RemoteTestNG.java:251)
at org.testng.remote.RemoteTestNG.main(RemoteTestNG.java:77)
]]>
            </full-stacktrace>
          </exception> <!-- org.openqa.selenium.NoSuchElementException -->
          <reporter-output>
          </reporter-output>
        </test-method> <!-- forgetPassword -->
        <test-method is-config="true" signature="TearDown()[pri:0, instance:HRMS_LogIn.HRMS_LogIn@40ef3420]" started-at="2023-04-03T16:15:51 IST" name="TearDown" finished-at="2023-04-03T16:15:51 IST" duration-ms="193" status="PASS">
          <reporter-output>
          </reporter-output>
        </test-method> <!-- TearDown -->
        <test-method is-config="true" signature="SettinUp()[pri:0, instance:HRMS_LogIn.HRMS_LogIn@40ef3420]" started-at="2023-04-03T16:15:51 IST" name="SettinUp" finished-at="2023-04-03T16:15:53 IST" duration-ms="2014" status="PASS">
          <reporter-output>
          </reporter-output>
        </test-method> <!-- SettinUp -->
        <test-method signature="LoginWithInvalidPasswordManualInsert()[pri:8, instance:HRMS_LogIn.HRMS_LogIn@40ef3420]" started-at="2023-04-03T16:15:53 IST" name="LoginWithInvalidPasswordManualInsert" finished-at="2023-04-03T16:15:53 IST" duration-ms="204" status="FAIL">
          <exception class="org.openqa.selenium.ElementNotInteractableException">
            <message>
              <![CDATA[element not interactable
  (Session info: chrome=111.0.5563.147)
Build info: version: '4.2.1', revision: 'ac4d0fdd4a'
System info: host: 'DEV-MA-2671-LAP', ip: '10.0.1.177', os.name: 'Windows 10', os.arch: 'amd64', os.version: '10.0', java.version: '19'
Driver info: org.openqa.selenium.chrome.ChromeDriver
Command: [77cdf593c93190b9fccb8545e5611eb7, sendKeysToElement {id=95c22cd2-43cb-4e00-b0e2-b671848d2770, value=[Ljava.lang.CharSequence;@5a034157}]
Capabilities {acceptInsecureCerts: false, browserName: chrome, browserVersion: 111.0.5563.147, chrome: {chromedriverVersion: 111.0.5563.64 (c710e93d5b63..., userDataDir: C:\Users\AGL\AppData\Local\...}, goog:chromeOptions: {debuggerAddress: localhost:61334}, networkConnectionEnabled: false, pageLoadStrategy: normal, platformName: WINDOWS, proxy: Proxy(), se:cdp: ws://localhost:61334/devtoo..., se:cdpVersion: 111.0.5563.147, setWindowRect: true, strictFileInteractability: false, timeouts: {implicit: 0, pageLoad: 300000, script: 30000}, unhandledPromptBehavior: dismiss and notify, webauthn:extension:credBlob: true, webauthn:extension:largeBlob: true, webauthn:extension:minPinLength: true, webauthn:extension:prf: true, webauthn:virtualAuthenticators: true}
Element: [[ChromeDriver: chrome on WINDOWS (77cdf593c93190b9fccb8545e5611eb7)] -> xpath: /html[1]/body[1]/div[4]/div[1]/div[1]/div[2]/table[2]/tbody[1]/tr[1]/td[2]/input[1]]
Session ID: 77cdf593c93190b9fccb8545e5611eb7]]>
            </message>
            <full-stacktrace>
              <![CDATA[org.openqa.selenium.ElementNotInteractableException: element not interactable
  (Session info: chrome=111.0.5563.147)
Build info: version: '4.2.1', revision: 'ac4d0fdd4a'
System info: host: 'DEV-MA-2671-LAP', ip: '10.0.1.177', os.name: 'Windows 10', os.arch: 'amd64', os.version: '10.0', java.version: '19'
Driver info: org.openqa.selenium.chrome.ChromeDriver
Command: [77cdf593c93190b9fccb8545e5611eb7, sendKeysToElement {id=95c22cd2-43cb-4e00-b0e2-b671848d2770, value=[Ljava.lang.CharSequence;@5a034157}]
Capabilities {acceptInsecureCerts: false, browserName: chrome, browserVersion: 111.0.5563.147, chrome: {chromedriverVersion: 111.0.5563.64 (c710e93d5b63..., userDataDir: C:\Users\AGL\AppData\Local\...}, goog:chromeOptions: {debuggerAddress: localhost:61334}, networkConnectionEnabled: false, pageLoadStrategy: normal, platformName: WINDOWS, proxy: Proxy(), se:cdp: ws://localhost:61334/devtoo..., se:cdpVersion: 111.0.5563.147, setWindowRect: true, strictFileInteractability: false, timeouts: {implicit: 0, pageLoad: 300000, script: 30000}, unhandledPromptBehavior: dismiss and notify, webauthn:extension:credBlob: true, webauthn:extension:largeBlob: true, webauthn:extension:minPinLength: true, webauthn:extension:prf: true, webauthn:virtualAuthenticators: true}
Element: [[ChromeDriver: chrome on WINDOWS (77cdf593c93190b9fccb8545e5611eb7)] -> xpath: /html[1]/body[1]/div[4]/div[1]/div[1]/div[2]/table[2]/tbody[1]/tr[1]/td[2]/input[1]]
Session ID: 77cdf593c93190b9fccb8545e5611eb7
at java.base/jdk.internal.reflect.DirectConstructorHandleAccessor.newInstance(DirectConstructorHandleAccessor.java:67)
at java.base/java.lang.reflect.Constructor.newInstanceWithCaller(Constructor.java:500)
at java.base/java.lang.reflect.Constructor.newInstance(Constructor.java:484)
at org.openqa.selenium.remote.codec.w3c.W3CHttpResponseCodec.createException(W3CHttpResponseCodec.java:200)
at org.openqa.selenium.remote.codec.w3c.W3CHttpResponseCodec.decode(W3CHttpResponseCodec.java:133)
at org.openqa.selenium.remote.codec.w3c.W3CHttpResponseCodec.decode(W3CHttpResponseCodec.java:53)
at org.openqa.selenium.remote.HttpCommandExecutor.execute(HttpCommandExecutor.java:184)
at org.openqa.selenium.remote.service.DriverCommandExecutor.invokeExecute(DriverCommandExecutor.java:167)
at org.openqa.selenium.remote.service.DriverCommandExecutor.execute(DriverCommandExecutor.java:142)
at org.openqa.selenium.remote.RemoteWebDriver.execute(RemoteWebDriver.java:551)
at org.openqa.selenium.remote.RemoteWebElement.execute(RemoteWebElement.java:257)
at org.openqa.selenium.remote.RemoteWebElement.sendKeys(RemoteWebElement.java:113)
at HRMS_LogIn.HRMS_LogIn.LoginWithInvalidPasswordManualInsert(HRMS_LogIn.java:151)
at java.base/jdk.internal.reflect.DirectMethodHandleAccessor.invoke(DirectMethodHandleAccessor.java:104)
at java.base/java.lang.reflect.Method.invoke(Method.java:578)
at org.testng.internal.MethodInvocationHelper.invokeMethod(MethodInvocationHelper.java:133)
at org.testng.internal.TestInvoker.invokeMethod(TestInvoker.java:598)
at org.testng.internal.TestInvoker.invokeTestMethod(TestInvoker.java:173)
at org.testng.internal.MethodRunner.runInSequence(MethodRunner.java:46)
at org.testng.internal.TestInvoker$MethodInvocationAgent.invoke(TestInvoker.java:824)
at org.testng.internal.TestInvoker.invokeTestMethods(TestInvoker.java:146)
at org.testng.internal.TestMethodWorker.invokeTestMethods(TestMethodWorker.java:146)
at org.testng.internal.TestMethodWorker.run(TestMethodWorker.java:128)
at java.base/java.util.ArrayList.forEach(ArrayList.java:1511)
at org.testng.TestRunner.privateRun(TestRunner.java:794)
at org.testng.TestRunner.run(TestRunner.java:596)
at org.testng.SuiteRunner.runTest(SuiteRunner.java:377)
at org.testng.SuiteRunner.runSequentially(SuiteRunner.java:371)
at org.testng.SuiteRunner.privateRun(SuiteRunner.java:332)
at org.testng.SuiteRunner.run(SuiteRunner.java:276)
at org.testng.SuiteRunnerWorker.runSuite(SuiteRunnerWorker.java:53)
at org.testng.SuiteRunnerWorker.run(SuiteRunnerWorker.java:96)
at org.testng.TestNG.runSuitesSequentially(TestNG.java:1212)
at org.testng.TestNG.runSuitesLocally(TestNG.java:1134)
at org.testng.TestNG.runSuites(TestNG.java:1063)
at org.testng.TestNG.run(TestNG.java:1031)
at org.testng.remote.AbstractRemoteTestNG.run(AbstractRemoteTestNG.java:115)
at org.testng.remote.RemoteTestNG.initAndRun(RemoteTestNG.java:251)
at org.testng.remote.RemoteTestNG.main(RemoteTestNG.java:77)
]]>
            </full-stacktrace>
          </exception> <!-- org.openqa.selenium.ElementNotInteractableException -->
          <reporter-output>
          </reporter-output>
        </test-method> <!-- LoginWithInvalidPasswordManualInsert -->
        <test-method is-config="true" signature="TearDown()[pri:0, instance:HRMS_LogIn.HRMS_LogIn@40ef3420]" started-at="2023-04-03T16:15:53 IST" name="TearDown" finished-at="2023-04-03T16:15:53 IST" duration-ms="188" status="PASS">
          <reporter-output>
          </reporter-output>
        </test-method> <!-- TearDown -->
      </class> <!-- HRMS_LogIn.HRMS_LogIn -->
    </test> <!-- Default test -->
  </suite> <!-- Default suite -->
</testng-results>
