<?xml version="1.0" encoding="UTF-8"?>
<!-- Generated by org.testng.reporters.JUnitXMLReporter -->
<testsuite ignored="0" hostname="DEV-MA-2671-LAP" failures="1" tests="9" name="Test" time="5.524" errors="0" timestamp="2023-04-03T15:57:36 IST">
  <testcase classname="UAT_Env.UAT_Environment" name="U1" time="0.007"/>
  <testcase classname="UAT_Env.UAT_Environment" name="U2" time="0.001"/>
  <testcase classname="UAT_Env.UAT_Environment" name="U3" time="2.377">
    <skipped/>
  </testcase> <!-- U3 -->
  <testcase classname="UAT_Env.UAT_Environment" name="U3" time="0.979">
    <skipped/>
  </testcase> <!-- U3 -->
  <testcase classname="UAT_Env.UAT_Environment" name="U3" time="1.08">
    <skipped/>
  </testcase> <!-- U3 -->
  <testcase classname="UAT_Env.UAT_Environment" name="U3" time="1.003">
    <failure type="org.openqa.selenium.remote.http.ConnectionFailedException" message="Unable to establish websocket connection to http://localhost:60047/devtools/browser/395a2839-091e-4150-a167-705df6df10e4
Build info: version: &amp;apos;4.2.1&amp;apos;, revision: &amp;apos;ac4d0fdd4a&amp;apos;
System info: host: &amp;apos;DEV-MA-2671-LAP&amp;apos;, ip: &amp;apos;10.0.1.177&amp;apos;, os.name: &amp;apos;Windows 10&amp;apos;, os.arch: &amp;apos;amd64&amp;apos;, os.version: &amp;apos;10.0&amp;apos;, java.version: &amp;apos;19&amp;apos;
Driver info: driver.version: ChromeDriver">
      <![CDATA[org.openqa.selenium.remote.http.ConnectionFailedException: Unable to establish websocket connection to http://localhost:60047/devtools/browser/395a2839-091e-4150-a167-705df6df10e4
Build info: version: '4.2.1', revision: 'ac4d0fdd4a'
System info: host: 'DEV-MA-2671-LAP', ip: '10.0.1.177', os.name: 'Windows 10', os.arch: 'amd64', os.version: '10.0', java.version: '19'
Driver info: driver.version: ChromeDriver
at org.openqa.selenium.remote.http.netty.NettyWebSocket.<init>(NettyWebSocket.java:102)
at org.openqa.selenium.remote.http.netty.NettyWebSocket.lambda$create$3(NettyWebSocket.java:128)
at org.openqa.selenium.remote.http.netty.NettyClient.openSocket(NettyClient.java:106)
at org.openqa.selenium.devtools.Connection.<init>(Connection.java:77)
at org.openqa.selenium.chromium.ChromiumDriver.lambda$new$2(ChromiumDriver.java:122)
at java.base/java.util.Optional.map(Optional.java:260)
at org.openqa.selenium.chromium.ChromiumDriver.<init>(ChromiumDriver.java:120)
at org.openqa.selenium.chrome.ChromeDriver.<init>(ChromeDriver.java:106)
at org.openqa.selenium.chrome.ChromeDriver.<init>(ChromeDriver.java:93)
at org.openqa.selenium.chrome.ChromeDriver.<init>(ChromeDriver.java:48)
at UAT_Env.UAT_Environment.U3(UAT_Environment.java:32)
at java.base/java.util.ArrayList.forEach(ArrayList.java:1511)
... Removed 29 stack frames]]>
    </failure>
  </testcase> <!-- U3 -->
  <testcase classname="UAT_Env.UAT2" name="U1" time="0.0"/>
  <testcase classname="UAT_Env.UAT2" name="U2" time="0.0"/>
  <testcase classname="UAT_Env.UAT2" name="U3" time="0.0"/>
</testsuite> <!-- Test -->
